\BOOKMARK [1][-]{section.1}{\376\377\000I\000n\000t\000r\000o\000d\000u\000c\000t\000i\000o\000n}{}% 1
\BOOKMARK [1][-]{section.2}{\376\377\000S\000e\000t\000-\000U\000p}{}% 2
\BOOKMARK [1][-]{section.3}{\376\377\000S\000o\000r\000t\000i\000n\000g\000\040\000W\000i\000t\000h\000o\000u\000t\000\040\000M\000e\000a\000s\000u\000r\000e\000m\000e\000n\000t\000\040\000E\000r\000r\000o\000r}{}% 3
\BOOKMARK [2][-]{subsection.3.1}{\376\377\000A\000s\000y\000m\000p\000t\000o\000t\000i\000c\000\040\000R\000e\000s\000u\000l\000t\000s\000\040\000U\000n\000d\000e\000r\000\040\000W\000e\000a\000k\000\040\000C\000o\000r\000r\000e\000l\000a\000t\000i\000o\000n\000\040\000o\000f\000\040\000t\000h\000e\000\040\000S\000o\000r\000t\000i\000n\000g\000\040\000V\000a\000r\000i\000a\000b\000l\000e}{section.3}% 4
\BOOKMARK [2][-]{subsection.3.2}{\376\377\000A\000s\000y\000m\000p\000t\000o\000t\000i\000c\000\040\000R\000e\000s\000u\000l\000t\000s\000\040\000U\000n\000d\000e\000r\000\040\000S\000t\000r\000o\000n\000g\000\040\000C\000o\000r\000r\000e\000l\000a\000t\000i\000o\000n\000\040\000o\000f\000\040\000t\000h\000e\000\040\000S\000o\000r\000t\000i\000n\000g\000\040\000V\000a\000r\000i\000a\000b\000l\000e}{section.3}% 5
\BOOKMARK [1][-]{section.4}{\376\377\000S\000o\000r\000t\000i\000n\000g\000\040\000W\000i\000t\000h\000\040\000M\000e\000a\000s\000u\000r\000e\000m\000e\000n\000t\000\040\000E\000r\000r\000o\000r}{}% 6
\BOOKMARK [2][-]{subsection.4.1}{\376\377\000C\000l\000a\000s\000s\000i\000f\000i\000c\000a\000t\000i\000o\000n\000\040\000E\000r\000r\000o\000r\000s}{section.4}% 7
\BOOKMARK [2][-]{subsection.4.2}{\376\377\000T\000r\000i\000m\000m\000i\000n\000g\000\040\000R\000u\000l\000e}{section.4}% 8
\BOOKMARK [2][-]{subsection.4.3}{\376\377\000A\000s\000y\000m\000p\000t\000o\000t\000i\000c\000\040\000R\000e\000s\000u\000l\000t\000s}{section.4}% 9
\BOOKMARK [1][-]{section.5}{\376\377\000S\000u\000b\000s\000a\000m\000p\000l\000i\000n\000g}{}% 10
\BOOKMARK [1][-]{section.6}{\376\377\000A\000\040\000M\000o\000t\000i\000v\000a\000t\000i\000n\000g\000\040\000E\000x\000a\000m\000p\000l\000e\000:\000\040\000S\000o\000r\000t\000i\000n\000g\000\040\000o\000n\000\040\000S\000t\000o\000c\000k\000s\000'\000\040\000B\000e\000t\000a\000s}{}% 11
\BOOKMARK [2][-]{subsection.6.1}{\376\377\000U\000n\000c\000o\000n\000d\000i\000t\000i\000o\000n\000a\000l\000\040\000B\000e\000t\000a\000s}{section.6}% 12
\BOOKMARK [2][-]{subsection.6.2}{\376\377\000C\000o\000n\000d\000i\000t\000i\000o\000n\000a\000l\000\040\000B\000e\000t\000a\000s}{section.6}% 13
\BOOKMARK [2][-]{subsection.6.3}{\376\377\000T\000e\000s\000t\000\040\000S\000t\000a\000t\000i\000s\000t\000i\000c\000\040\000a\000n\000d\000\040\000C\000r\000i\000t\000i\000c\000a\000l\000\040\000V\000a\000l\000u\000e\000s}{section.6}% 14
\BOOKMARK [1][-]{section.7}{\376\377\000S\000i\000m\000u\000l\000a\000t\000i\000o\000n\000s}{}% 15
\BOOKMARK [2][-]{subsection.7.1}{\376\377\000D\000a\000t\000a}{section.7}% 16
\BOOKMARK [2][-]{subsection.7.2}{\376\377\000S\000i\000m\000u\000l\000a\000t\000i\000o\000n\000s\000\040\000f\000o\000r\000\040\000C\000l\000a\000s\000s\000i\000f\000i\000c\000a\000t\000i\000o\000n\000\040\000E\000r\000r\000o\000r\000s}{section.7}% 17
\BOOKMARK [2][-]{subsection.7.3}{\376\377\000S\000i\000m\000u\000l\000a\000t\000i\000o\000n\000s\000\040\000f\000o\000r\000\040\000H\000y\000p\000o\000t\000h\000e\000s\000i\000s\000\040\000T\000e\000s\000t\000i\000n\000g}{section.7}% 18
\BOOKMARK [1][-]{section.8}{\376\377\000C\000o\000n\000c\000l\000u\000s\000i\000o\000n}{}% 19
\BOOKMARK [1][-]{section.9}{\376\377\000E\000m\000p\000i\000r\000i\000c\000a\000l\000\040\000E\000x\000a\000m\000p\000l\000e}{}% 20
\BOOKMARK [1][-]{appendix.A}{\376\377\000P\000r\000o\000o\000f\000s}{}% 21
\BOOKMARK [2][-]{subsection.A.1}{\376\377\000T\000h\000e\000o\000r\000e\000m\000\040\0001}{appendix.A}% 22
\BOOKMARK [3][-]{subsubsection.A.1.1}{\376\377\000P\000a\000r\000t\000\040\000\050\000i\000\051}{subsection.A.1}% 23
\BOOKMARK [3][-]{subsubsection.A.1.2}{\376\377\000P\000a\000r\000t\000\040\000\050\000i\000i\000\051}{subsection.A.1}% 24
\BOOKMARK [2][-]{subsection.A.2}{\376\377\000T\000h\000e\000o\000r\000e\000m\000\040\0002}{appendix.A}% 25
\BOOKMARK [3][-]{subsubsection.A.2.1}{\376\377\000P\000a\000r\000t\000\040\000\050\000i\000\051}{subsection.A.2}% 26
\BOOKMARK [3][-]{subsubsection.A.2.2}{\376\377\000P\000a\000r\000t\000\040\000\050\000i\000i\000\051}{subsection.A.2}% 27
\BOOKMARK [2][-]{subsection.A.3}{\376\377\000L\000e\000m\000m\000a\000\040\0001}{appendix.A}% 28
\BOOKMARK [2][-]{subsection.A.4}{\376\377\000T\000h\000e\000o\000r\000e\000m\000\040\0003}{appendix.A}% 29
\BOOKMARK [3][-]{subsubsection.A.4.1}{\376\377\000P\000a\000r\000t\000\040\000\050\000i\000\051}{subsection.A.4}% 30
\BOOKMARK [3][-]{subsubsection.A.4.2}{\376\377\000P\000a\000r\000t\000\040\000\050\000i\000i\000\051}{subsection.A.4}% 31
\BOOKMARK [2][-]{subsection.A.5}{\376\377\000C\000o\000r\000o\000l\000l\000a\000r\000y\000\040\0001}{appendix.A}% 32
\BOOKMARK [3][-]{subsubsection.A.5.1}{\376\377\000P\000a\000r\000t\000\040\000\050\000i\000\051}{subsection.A.5}% 33
\BOOKMARK [3][-]{subsubsection.A.5.2}{\376\377\000P\000a\000r\000t\000\040\000\050\000i\000i\000\051}{subsection.A.5}% 34
\BOOKMARK [2][-]{subsection.A.6}{\376\377\000T\000h\000e\000o\000r\000e\000m\000\040\0004}{appendix.A}% 35
\BOOKMARK [3][-]{subsubsection.A.6.1}{\376\377\000P\000a\000r\000t\000\040\000\050\000i\000\051}{subsection.A.6}% 36
\BOOKMARK [3][-]{subsubsection.A.6.2}{\376\377\000P\000a\000r\000t\000\040\000\050\000i\000i\000\051}{subsection.A.6}% 37
\BOOKMARK [2][-]{subsection.A.7}{\376\377\000P\000r\000o\000p\000o\000s\000i\000t\000i\000o\000n\000\040\000B}{appendix.A}% 38
\BOOKMARK [3][-]{subsubsection.A.7.1}{\376\377\000P\000a\000r\000t\000\040\000\050\000i\000\051}{subsection.A.7}% 39
\BOOKMARK [3][-]{subsubsection.A.7.2}{\376\377\000P\000a\000r\000t\000\040\000\050\000i\000i\000\051}{subsection.A.7}% 40
\BOOKMARK [2][-]{subsection.A.8}{\376\377\000P\000r\000o\000p\000o\000s\000i\000t\000i\000o\000n\000\040\000B\000'}{appendix.A}% 41
\BOOKMARK [3][-]{subsubsection.A.8.1}{\376\377\000P\000a\000r\000t\000\040\000\050\000i\000\051}{subsection.A.8}% 42
\BOOKMARK [3][-]{subsubsection.A.8.2}{\376\377\000P\000a\000r\000t\000\040\000\050\000i\000i\000\051}{subsection.A.8}% 43
\BOOKMARK [2][-]{subsection.A.9}{\376\377\000T\000h\000e\000o\000r\000e\000m\000\040\000B\0001}{appendix.A}% 44
\BOOKMARK [3][-]{subsubsection.A.9.1}{\376\377\000P\000a\000r\000t\000\040\000\050\000i\000\051}{subsection.A.9}% 45
\BOOKMARK [3][-]{subsubsection.A.9.2}{\376\377\000P\000a\000r\000t\000\040\000\050\000i\000i\000\051}{subsection.A.9}% 46
\BOOKMARK [1][-]{appendix.B}{\376\377\000S\000i\000m\000u\000l\000a\000t\000i\000o\000n\000s\000\040\000f\000o\000r\000\040\000C\000l\000a\000s\000s\000i\000f\000i\000c\000a\000t\000i\000o\000n\000\040\000E\000r\000r\000o\000r\000s}{}% 47
\BOOKMARK [2][-]{subsection.B.1}{\376\377\000T\000r\000u\000e\000\040\000\050\000U\000n\000o\000b\000s\000e\000r\000v\000a\000b\000l\000e\000\051\000\040\000S\000o\000r\000t\000i\000n\000g\000\040\000V\000a\000r\000i\000a\000b\000l\000e}{appendix.B}% 48
\BOOKMARK [2][-]{subsection.B.2}{\376\377\000C\000l\000a\000s\000s\000i\000f\000i\000c\000a\000t\000i\000o\000n\000\040\000E\000r\000r\000o\000r\000s}{appendix.B}% 49
